<?xml version="1.0" encoding="UTF-8"?>
<!-- Generated by org.testng.reporters.JUnitReportReporter -->
<testsuite hostname="CDC2-D-4BT6N62" name="Check" tests="1" failures="0" timestamp="13 Nov 2019 04:14:36 GMT" time="0.016" errors="0">
  <testcase name="f" time="0.016" classname="Check"/>
</testsuite> <!-- Check -->
